[11:41:55] [main/INFO]: Environment: authHost='https://authserver.mojang.com', accountsHost='https://api.mojang.com', sessionHost='https://sessionserver.mojang.com', servicesHost='https://api.minecraftservices.com', name='PROD'
[11:41:56] [main/INFO]: Reloading ResourceManager: Default, bukkit
[11:41:58] [Worker-Main-8/INFO]: Loaded 7 recipes
[11:42:00] [Server thread/INFO]: Starting minecraft server version 1.16.5
[11:42:00] [Server thread/INFO]: Loading properties
[11:42:00] [Server thread/INFO]: This server is running Paper version git-Paper-794 (MC: 1.16.5) (Implementing API version 1.16.5-R0.1-SNAPSHOT)
[11:42:00] [Server thread/INFO]: Using 4 threads for Netty based IO
[11:42:00] [Server thread/INFO]: Server Ping Player Sample Count: 12
[11:42:00] [Server thread/INFO]: Debug logging is disabled
[11:42:00] [Server thread/INFO]: Default game type: SURVIVAL
[11:42:00] [Server thread/INFO]: Generating keypair
[11:42:01] [Server thread/INFO]: Starting Minecraft server on *:25565
[11:42:01] [Server thread/INFO]: Using epoll channel type
[11:42:02] [Server thread/INFO]: [LuckPerms] Loading LuckPerms v5.4.30
[11:42:02] [Server thread/INFO]: [SpigotPing] Loading SpigotPing v2.6
[11:42:02] [Server thread/INFO]: [AngelChest] Loading AngelChest v9.2.0
[11:42:02] [Server thread/INFO]: [Essentials] Loading Essentials v2.19.4
[11:42:02] [Server thread/INFO]: [dynmap] Loading dynmap v3.4-beta-4-792
[11:42:02] [Server thread/INFO]: [dynmap] version=git-Paper-794 (MC: 1.16.5)
[11:42:03] [Server thread/INFO]: [dynmap] Mod Support API available
[11:42:03] [Server thread/INFO]: Server permissions file permissions.yml is empty, ignoring it
[11:42:03] [Server thread/INFO]: [LuckPerms] Enabling LuckPerms v5.4.30
[11:42:03] [Server thread/INFO]:         __    
[11:42:03] [Server thread/INFO]:   |    |__)   LuckPerms v5.4.30
[11:42:03] [Server thread/INFO]:   |___ |      Running on Bukkit - Paper
[11:42:03] [Server thread/INFO]: 
[11:42:03] [Server thread/INFO]: [LuckPerms] Loading configuration...
[11:42:04] [Server thread/INFO]: [LuckPerms] Loading storage provider... [H2]
[11:42:06] [Server thread/INFO]: [LuckPerms] Loading internal permission managers...
[11:42:06] [Server thread/INFO]: [LuckPerms] Performing initial data load...
[11:42:06] [Server thread/INFO]: [LuckPerms] Successfully enabled. (took 3885ms)
[11:42:06] [Server thread/INFO]: Preparing level "world"
[11:42:07] [Server thread/INFO]: Preparing start region for dimension minecraft:overworld
[11:42:12] [Server thread/INFO]: Preparing spawn area: 0%
[11:42:12] [Server thread/INFO]: Preparing spawn area: 0%
[11:42:12] [Server thread/INFO]: Preparing spawn area: 0%
[11:42:12] [Server thread/INFO]: Preparing spawn area: 0%
[11:42:12] [Server thread/INFO]: Preparing spawn area: 0%
[11:42:12] [Server thread/INFO]: Preparing spawn area: 0%
[11:42:12] [Server thread/INFO]: Preparing spawn area: 0%
[11:42:12] [Server thread/INFO]: Preparing spawn area: 0%
[11:42:12] [Server thread/INFO]: Preparing spawn area: 0%
[11:42:12] [Server thread/INFO]: Preparing spawn area: 0%
[11:42:12] [Server thread/INFO]: Preparing spawn area: 0%
[11:42:13] [Server thread/INFO]: Preparing spawn area: 0%
[11:42:13] [Server thread/INFO]: Preparing spawn area: 0%
[11:42:14] [Server thread/INFO]: Time elapsed: 6494 ms
[11:42:14] [Server thread/INFO]: Preparing start region for dimension minecraft:the_nether
[11:42:14] [Server thread/INFO]: Preparing spawn area: 0%
[11:42:14] [Server thread/INFO]: Preparing spawn area: 0%
[11:42:15] [Server thread/INFO]: Time elapsed: 626 ms
[11:42:15] [Server thread/INFO]: Preparing start region for dimension minecraft:the_end
[11:42:15] [Server thread/INFO]: Preparing spawn area: 0%
[11:42:15] [Server thread/INFO]: Preparing spawn area: 0%
[11:42:16] [Server thread/INFO]: Preparing spawn area: 0%
[11:42:16] [Worker-Main-6/INFO]: Preparing spawn area: 53%
[11:42:17] [Worker-Main-2/INFO]: Preparing spawn area: 100%
[11:42:17] [Worker-Main-1/INFO]: Preparing spawn area: 100%
[11:42:18] [Server thread/INFO]: Time elapsed: 2961 ms
[11:42:18] [Server thread/INFO]: [SpigotPing] Enabling SpigotPing v2.6
[11:42:18] [Server thread/INFO]: [SpigotPing] TabList is enabled, task added with a delay of 5 second/s.
[11:42:18] [Server thread/INFO]: [AngelChest] Enabling AngelChest v9.2.0
[11:42:18] [Server thread/INFO]: [AngelChest] groups.yml does not exist, skipping custom group settings.
[11:42:18] [Server thread/INFO]: [AngelChest] blacklist.yml does not exist, disabling item blacklist.
[11:42:18] [Server thread/INFO]: [AngelChest] Not using premium version, disabling Graveyards feature
[11:42:18] [Server thread/INFO]: [AngelChest] Vault not installed, disabling economy functions.
[11:42:18] [Server thread/INFO]: [AngelChest] [ACF] Enabled Asynchronous Tab Completion Support!
[11:42:18] [Server thread/INFO]: [Essentials] Enabling Essentials v2.19.4
[11:42:19] [Server thread/INFO]: [Essentials] Attempting to convert old kits in config.yml to new kits.yml
[11:42:19] [Server thread/INFO]: [Essentials] No kits found to migrate.
[11:42:20] [Server thread/INFO]: [Essentials] Loaded 36926 items from items.json.
[11:42:20] [Server thread/INFO]: [Essentials] Using locale en_US
[11:42:20] [Server thread/INFO]: [Essentials] ServerListPingEvent: Spigot iterator API
[11:42:21] [Server thread/INFO]: [Essentials] Starting Metrics. Opt-out using the global bStats config.
[11:42:21] [Server thread/WARN]: [Essentials] Detected supported permissions plugin LuckPerms without Vault installed.
[11:42:21] [Server thread/WARN]: [Essentials] Features such as chat prefixes/suffixes and group-related functionality will not work until you install Vault.
[11:42:21] [Server thread/INFO]: [Essentials] Using superperms-based permissions.
[11:42:21] [Server thread/INFO]: [dynmap] Enabling dynmap v3.4-beta-4-792
[11:42:22] [Server thread/INFO]: [dynmap] Using LuckPerms 5.4.30 for access control
[11:42:22] [Server thread/INFO]: [dynmap] Mod Support processing completed
